2021-01-02 16:00:57,747 interview.performance 12 INFO     8.1093008518219 /admin/interview/candidate/ {}
2021-01-02 16:01:01,229 interview.performance 12 INFO     0.0847787857055664 / {}
2021-01-02 16:01:41,328 interview.performance 12 INFO     0.03185772895812988 /job/1/ {}
2021-01-02 16:01:44,207 interview.performance 12 INFO     0.35239744186401367 /resume/add/ {'apply_position': '工程师', 'city': '北京'}
2021-01-02 16:51:13,602 interview.performance 12 INFO     0.06183433532714844 / {}
2021-01-02 16:51:18,973 interview.performance 12 INFO     0.0 /api {}
2021-01-02 16:51:19,038 interview.performance 12 INFO     0.046874284744262695 /api/ {}
2021-01-02 16:51:43,615 interview.performance 12 INFO     0.02685832977294922 /api-auth/logout/ {'next': '/api/'}
2021-01-02 16:51:43,643 interview.performance 12 INFO     0.013960123062133789 /api/ {}
2021-01-02 16:51:50,184 interview.performance 12 INFO     0.03390932083129883 /api/users/ {}
2021-01-02 16:51:54,249 interview.performance 12 INFO     0.015001296997070312 /api/users/6/ {}
2021-01-02 16:51:55,870 interview.performance 12 INFO     0.020943164825439453 /api/users/6/ {}
2021-01-02 16:52:02,897 interview.performance 12 INFO     0.003989696502685547 /api/users/6/ {'format': 'json'}
2021-01-02 16:52:07,567 interview.performance 12 INFO     0.017952680587768555 /api/users/ {}
2021-01-02 16:52:08,487 interview.performance 12 INFO     0.03889298439025879 /api/ {}
2021-01-02 16:52:10,326 interview.performance 12 INFO     0.14361572265625 /api/jobs/ {}
2021-01-02 16:53:21,550 interview.performance 12 INFO     0.050959110260009766 /api-auth/login/ {'next': '/api/jobs/'}
2021-01-02 16:53:28,808 interview.performance 12 INFO     0.1817481517791748 /api-auth/login/ {}
2021-01-02 16:53:28,877 interview.performance 12 INFO     0.05888199806213379 /api/jobs/ {}
2021-01-02 16:53:29,738 interview.performance 12 INFO     0.09773826599121094 /favicon.ico {}
2021-01-02 16:55:50,799 interview.performance 12 INFO     0.008976936340332031 /api/jobs/ {}
2021-01-02 16:55:59,631 interview.performance 12 INFO     0.005984067916870117 /api/jobs/1/ {}
2021-01-02 18:12:26,625 interview.performance 12 INFO     0.06280136108398438 / {}
2021-01-02 18:12:29,713 interview.performance 12 INFO     0.021606922149658203 /job/1/ {}
2021-01-02 18:12:32,113 interview.performance 12 INFO     0.18749618530273438 /resume/add/ {'apply_position': '工程师', 'city': '北京'}
2021-01-02 18:13:05,388 interview.performance 12 INFO     2.747652530670166 /resume/add/ {'apply_position': '工程师', 'city': '北京'}
2021-01-02 18:13:05,415 interview.performance 12 INFO     0.014002323150634766 /joblist/ {}
2021-01-02 18:15:22,069 interview.performance 12 INFO     0.13065004348754883 /admin/ {}
2021-01-02 18:15:26,769 interview.performance 12 INFO     0.0977792739868164 /admin/jobs/job/ {}
2021-01-02 18:15:26,904 interview.performance 12 INFO     0.022937536239624023 /admin/jsi18n/ {}
2021-01-02 18:15:30,677 interview.performance 12 INFO     0.02198195457458496 /admin/ {}
2021-01-02 18:15:32,042 interview.performance 12 INFO     0.16954851150512695 /admin/interview/candidate/ {}
2021-01-02 18:15:32,137 interview.performance 12 INFO     0.008976936340332031 /admin/jsi18n/ {}
2021-01-02 18:15:35,713 interview.performance 12 INFO     0.03845548629760742 /admin/interview/ {}
2021-01-02 18:15:37,230 interview.performance 12 INFO     0.02593088150024414 /admin/ {}
2021-01-02 18:15:38,870 interview.performance 12 INFO     0.046918630599975586 /admin/jobs/resume/ {}
2021-01-02 18:15:38,962 interview.performance 12 INFO     0.008977174758911133 /admin/jsi18n/ {}
2021-01-02 18:15:42,462 interview.performance 12 INFO     0.11967754364013672 /admin/jobs/resume/3/change/ {}
2021-01-02 18:15:42,560 interview.performance 12 INFO     0.008974790573120117 /admin/jsi18n/ {}
2021-01-02 18:16:45,952 interview.performance 12 INFO     0.000997304916381836 /media/images/图片1.gif {}
2021-01-02 18:18:29,152 interview.performance 12 INFO     0.19203734397888184 /admin/ {}
2021-01-02 18:18:32,054 interview.performance 12 INFO     0.049868106842041016 /admin/jobs/job/ {}
2021-01-02 18:18:32,143 interview.performance 12 INFO     0.009971141815185547 /admin/jsi18n/ {}
2021-01-02 18:18:33,599 interview.performance 12 INFO     0.0249326229095459 /admin/ {}
2021-01-02 18:18:35,125 interview.performance 12 INFO     0.08652138710021973 /admin/jobs/resume/ {}
2021-01-02 18:18:35,212 interview.performance 12 INFO     0.0069844722747802734 /admin/jsi18n/ {}
2021-01-02 18:18:41,078 interview.performance 12 INFO     0.08781027793884277 /admin/jobs/resume/3/change/ {}
2021-01-02 18:18:41,168 interview.performance 12 INFO     0.008975028991699219 /admin/jsi18n/ {}
2021-01-02 18:20:04,864 interview.performance 12 INFO     0.14261889457702637 /admin/ {}
2021-01-02 18:20:06,843 interview.performance 12 INFO     0.06482768058776855 /admin/jobs/resume/ {}
2021-01-02 18:20:06,920 interview.performance 12 INFO     0.0019965171813964844 /media/images/图片1.gif {}
2021-01-02 18:20:06,940 interview.performance 12 INFO     0.012964725494384766 /admin/jsi18n/ {}
